#
# A fatal error has been detected by the Java Runtime Environment:
#
#  EXCEPTION_ACCESS_VIOLATION (0xc0000005) at pc=0x00007ffb63af06db, pid=15448, tid=13240
#
# JRE version: Java(TM) SE Runtime Environment (12.0.2+10) (build 12.0.2+10)
# Java VM: Java HotSpot(TM) 64-Bit Server VM (12.0.2+10, mixed mode, sharing, tiered, compressed oops, g1 gc, windows-amd64)
# Problematic frame:
# V  [jvm.dll+0x2f06db]
#
# No core dump will be written. Minidumps are not enabled by default on client versions of Windows
#
# If you would like to submit a bug report, please visit:
#   http://bugreport.java.com/bugreport/crash.jsp
#

---------------  S U M M A R Y ------------

Command Line: -Dfile.encoding=Cp1252 ccc.mainComponent.UI.mainRunner

Host: Intel(R) Core(TM) i5-8250U CPU @ 1.60GHz, 8 cores, 7G,  Windows 10 , 64 bit Build 18362 (10.0.18362.329)
Time: Fri Feb 21 15:22:58 2020 Pacific Standard Time elapsed time: 28 seconds (0d 0h 0m 28s)

---------------  T H R E A D  ---------------

Current thread (0x000001b8f15b3000):  JavaThread "C1 CompilerThread0" daemon [_thread_in_vm, id=13240, stack(0x0000005ef6800000,0x0000005ef6900000)]


Current CompileTask:
C1:  28825 3518 %     3       ccc.interaction.internalFeatures.cameraFrame::captureVideo @ 118 (154 bytes)

Stack: [0x0000005ef6800000,0x0000005ef6900000],  sp=0x0000005ef68fe9c0,  free space=1018k
Native frames: (J=compiled Java code, j=interpreted, Vv=VM code, C=native code)
V  [jvm.dll+0x2f06db]
V  [jvm.dll+0x2f0594]
V  [jvm.dll+0x616600]
V  [jvm.dll+0x2fbabf]
V  [jvm.dll+0x6132e4]
V  [jvm.dll+0x616359]
V  [jvm.dll+0x1b8520]
V  [jvm.dll+0x13133d]
V  [jvm.dll+0x1303c7]
V  [jvm.dll+0x132477]
V  [jvm.dll+0x22a744]
V  [jvm.dll+0x228d98]
V  [jvm.dll+0x7512a0]
V  [jvm.dll+0x74a2c8]
V  [jvm.dll+0x639b16]
C  [ucrtbase.dll+0x20e72]
C  [KERNEL32.DLL+0x17bd4]
C  [ntdll.dll+0x6ced1]


siginfo: EXCEPTION_ACCESS_VIOLATION (0xc0000005), reading address 0xffffffffffffffff


Register to memory mapping:

RIP=0x00007ffb63af06db jvm.dll
RAX=0x3b4d3137442e3640 is an unknown value
RBX=0x000001b8db8d8c90 is at entry_point+-1168 in (nmethod*)0x000001b8db8d8c90
RCX=0x000001b8f24cb1c0 points into unknown readable memory: 35 2d 3d 33 2b 3e 33 2b
RDX=0x0000000010830fea is an unknown value
RSP=0x0000005ef68fe9c0 is pointing into the stack for thread: 0x000001b8f15b3000
RBP=0x000000000000f000 is an unknown value
RSI=
[error occurred during error reporting (printing register info), id 0xc0000005, EXCEPTION_ACCESS_VIOLATION (0xc0000005) at pc=0x00007ffb63af98df]

Registers:
RAX=0x3b4d3137442e3640, RBX=0x000001b8db8d8c90, RCX=0x000001b8f24cb1c0, RDX=0x0000000010830fea
RSP=0x0000005ef68fe9c0, RBP=0x000000000000f000, RSI=0x00000000aa3a9789, RDI=0x000001b8f24cb1c0
R8 =0x0000000010830fea, R9 =0x0000005ef68feb80, R10=0x00007ffb63800000, R11=0x0000005ef68fea30
R12=0x0000000000001000, R13=0x0000005ef68ff100, R14=0x00007ffb64083f80, R15=0x000001b8f52e7058
RIP=0x00007ffb63af06db, EFLAGS=0x0000000000010246

Top of Stack: (sp=0x0000005ef68fe9c0)
0x0000005ef68fe9c0:   000001b8db8d8c90 00000000aa3a9789
0x0000005ef68fe9d0:   000001b8db8d9120 0000000000000000
0x0000005ef68fe9e0:   0000000000000000 0000000000000000
0x0000005ef68fe9f0:   0000000000000000 0000000000000000
0x0000005ef68fea00:   0000000000000000 000001b8db8d9120
0x0000005ef68fea10:   0000000000000000 000001b8db8dac9a
0x0000005ef68fea20:   000001b8db8daca0 000001b8f2478c70
0x0000005ef68fea30:   000001b8db8d8c90 00007ffb63af0594
0x0000005ef68fea40:   000001b8db8d8c90 0000005ef68feb80
0x0000005ef68fea50:   00007ffb640972f8 0000005ef68feb80
0x0000005ef68fea60:   0000005ef68ff100 0000000000000000
0x0000005ef68fea70:   00007ffb640972f8 00007ffb63e16600
0x0000005ef68fea80:   00007ffb640972f8 0000005ef68feb80
0x0000005ef68fea90:   0000005ef68feb80 0000005e02000000
0x0000005ef68feaa0:   0000000000000000 000001b8db8d8e8c
0x0000005ef68feab0:   000001b8db8d9118 000001b8db8d8c90 

Instructions: (pc=0x00007ffb63af06db)
0x00007ffb63af05db:   f8 eb 02 33 ff 49 8b 2f 33 f6 39 75 00 7e 3c 4c
0x00007ffb63af05eb:   89 74 24 20 45 33 f6 48 8b 45 08 49 8b 1c 06 48
0x00007ffb63af05fb:   85 db 74 17 90 48 8b 53 10 48 8b cf e8 a4 00 00
0x00007ffb63af060b:   00 48 8b 5b 08 48 83 e3 fe 75 ea ff c6 49 83 c6
0x00007ffb63af061b:   08 3b 75 00 7c d1 4c 8b 74 24 20 48 8b 45 10 48
0x00007ffb63af062b:   8b 74 24 48 48 89 47 10 48 8b 45 18 48 c7 45 10
0x00007ffb63af063b:   00 00 00 00 48 89 47 18 48 8b 45 20 48 c7 45 18
0x00007ffb63af064b:   00 00 00 00 48 89 47 20 48 c7 45 20 00 00 00 00
0x00007ffb63af065b:   49 8b 1f 48 8b 6c 24 40 0f 1f 40 00 66 0f 1f 84
0x00007ffb63af066b:   00 00 00 00 00 4c 8b 05 c9 59 7a 00 48 8d 15 c2
0x00007ffb63af067b:   59 7a 00 4c 89 43 38 48 8b cb 48 8b 05 14 c6 73
0x00007ffb63af068b:   00 ff d0 48 3b 43 38 75 dc 49 89 3f 49 8b 47 08
0x00007ffb63af069b:   48 8b 7c 24 50 48 ff c0 49 89 47 08 48 83 c4 28
0x00007ffb63af06ab:   41 5f 5b c3 cc 48 89 5c 24 08 48 89 74 24 10 57
0x00007ffb63af06bb:   48 83 ec 70 48 8b f2 48 8b da 48 c1 ee 07 48 8b
0x00007ffb63af06cb:   f9 33 f2 33 d2 8b c6 f7 31 48 8b 41 08 4c 63 c2
0x00007ffb63af06db:   4a 8b 04 c0 48 85 c0 74 10 48 39 58 10 74 66 48
0x00007ffb63af06eb:   8b 40 08 48 83 e0 fe 75 f0 e8 a7 3a 07 00 4c 8b
0x00007ffb63af06fb:   c0 48 85 c0 0f 85 9b 00 00 00 8b 05 05 b5 73 00
0x00007ffb63af070b:   3d ff 00 00 00 75 17 e8 d9 59 2e 00 89 05 f3 b4
0x00007ffb63af071b:   73 00 8b 05 ed b4 73 00 89 05 df b4 73 00 8b 05
0x00007ffb63af072b:   e1 b4 73 00 83 f8 03 75 30 0f b6 05 d1 b4 73 00
0x00007ffb63af073b:   84 c0 74 25 41 b0 01 48 8d 4c 24 48 33 d2 e8 82
0x00007ffb63af074b:   0b 32 00 eb 3a 32 c0 4c 8d 5c 24 70 49 8b 5b 10
0x00007ffb63af075b:   49 8b 73 18 49 8b e3 5f c3 e8 17 c5 dc ff 0f 10
0x00007ffb63af076b:   00 0f 11 44 24 20 0f 10 48 10 0f 11 4c 24 30 f2
0x00007ffb63af077b:   0f 10 40 20 48 8d 44 24 20 f2 0f 11 44 24 40 48
0x00007ffb63af078b:   63 4f 28 45 33 c9 4c 8b c0 41 8d 51 05 e8 f3 c1
0x00007ffb63af079b:   dc ff 4c 8b c0 49 c7 40 08 00 00 00 00 4c 8d 5c
0x00007ffb63af07ab:   24 70 41 89 30 33 d2 49 89 58 10 8b c6 f7 37 49
0x00007ffb63af07bb:   8b 5b 10 49 8b 73 18 48 63 c2 48 8d 14 c5 00 00
0x00007ffb63af07cb:   00 00 48 8b 47 08 48 8b 0c 02 49 89 48 08 48 8b 


Stack slot to memory mapping:
stack at sp + 0 slots: 0x000001b8db8d8c90 is at entry_point+-1168 in (nmethod*)0x000001b8db8d8c90
stack at sp + 1 slots: 
[error occurred during error reporting (inspecting top of stack), id 0xc0000005, EXCEPTION_ACCESS_VIOLATION (0xc0000005) at pc=0x00007ffb63af98df]


---------------  P R O C E S S  ---------------

Threads class SMR info:
_java_thread_list=0x000001b8f47e5f70, length=32, elements={
0x000001b8d28a5800, 0x000001b8f157a800, 0x000001b8f157b800, 0x000001b8f1594800,
0x000001b8f1598000, 0x000001b8f159b000, 0x000001b8f15b3000, 0x000001b8f15bc800,
0x000001b8f1feb000, 0x000001b8f2002800, 0x000001b8f26cf000, 0x000001b8f26a5000,
0x000001b8f26aa800, 0x000001b8f2748000, 0x000001b8f4e61800, 0x000001b8f5f3f800,
0x000001b8f2826000, 0x000001b8f2819000, 0x000001b8f5ddb800, 0x000001b8f4525000,
0x000001b8f4523000, 0x000001b8f4525800, 0x000001b8f4529000, 0x000001b8f4528000,
0x000001b8f4526800, 0x000001b8f1fa7000, 0x000001b8f53b6800, 0x000001b8f53b7800,
0x000001b8f1fa7800, 0x000001b8f4527800, 0x000001b8f4f93800, 0x000001b8f450d800
}

Java Threads: ( => current thread )
  0x000001b8d28a5800 JavaThread "main" [_thread_blocked, id=14800, stack(0x0000005ef5c00000,0x0000005ef5d00000)]
  0x000001b8f157a800 JavaThread "Reference Handler" daemon [_thread_blocked, id=13608, stack(0x0000005ef6300000,0x0000005ef6400000)]
  0x000001b8f157b800 JavaThread "Finalizer" daemon [_thread_blocked, id=5500, stack(0x0000005ef6400000,0x0000005ef6500000)]
  0x000001b8f1594800 JavaThread "Signal Dispatcher" daemon [_thread_blocked, id=10708, stack(0x0000005ef6500000,0x0000005ef6600000)]
  0x000001b8f1598000 JavaThread "Attach Listener" daemon [_thread_blocked, id=14860, stack(0x0000005ef6600000,0x0000005ef6700000)]
  0x000001b8f159b000 JavaThread "C2 CompilerThread0" daemon [_thread_blocked, id=15276, stack(0x0000005ef6700000,0x0000005ef6800000)]
=>0x000001b8f15b3000 JavaThread "C1 CompilerThread0" daemon [_thread_in_vm, id=13240, stack(0x0000005ef6800000,0x0000005ef6900000)]
  0x000001b8f15bc800 JavaThread "Sweeper thread" daemon [_thread_blocked, id=1232, stack(0x0000005ef6900000,0x0000005ef6a00000)]
  0x000001b8f1feb000 JavaThread "Service Thread" daemon [_thread_blocked, id=14228, stack(0x0000005ef6a00000,0x0000005ef6b00000)]
  0x000001b8f2002800 JavaThread "Common-Cleaner" daemon [_thread_blocked, id=12060, stack(0x0000005ef6c00000,0x0000005ef6d00000)]
  0x000001b8f26cf000 JavaThread "Java2D Disposer" daemon [_thread_blocked, id=15952, stack(0x0000005ef6d00000,0x0000005ef6e00000)]
  0x000001b8f26a5000 JavaThread "AWT-Shutdown" [_thread_blocked, id=7120, stack(0x0000005ef6e00000,0x0000005ef6f00000)]
  0x000001b8f26aa800 JavaThread "AWT-Windows" daemon [_thread_in_native, id=16332, stack(0x0000005ef6f00000,0x0000005ef7000000)]
  0x000001b8f2748000 JavaThread "AWT-EventQueue-0" [_thread_in_Java, id=14652, stack(0x0000005ef7000000,0x0000005ef7100000)]
  0x000001b8f4e61800 JavaThread "Thread-1" [_thread_blocked, id=15984, stack(0x0000005ef7c00000,0x0000005ef7d00000)]
  0x000001b8f5f3f800 JavaThread "Keep-Alive-Timer" daemon [_thread_blocked, id=10348, stack(0x0000005ef7e00000,0x0000005ef7f00000)]
  0x000001b8f2826000 JavaThread "Thread-4" [_thread_blocked, id=15148, stack(0x0000005ef7100000,0x0000005ef7200000)]
  0x000001b8f2819000 JavaThread "TimerQueue" daemon [_thread_blocked, id=3916, stack(0x0000005ef7200000,0x0000005ef7300000)]
  0x000001b8f5ddb800 JavaThread "Thread-5" [_thread_blocked, id=3156, stack(0x0000005ef7f00000,0x0000005ef8000000)]
  0x000001b8f4525000 JavaThread "Thread-6" [_thread_blocked, id=11276, stack(0x0000005ef8000000,0x0000005ef8100000)]
  0x000001b8f4523000 JavaThread "SwingWorker-pool-1-thread-1" daemon [_thread_blocked, id=5816, stack(0x0000005ef8100000,0x0000005ef8200000)]
  0x000001b8f4525800 JavaThread "Thread-8" [_thread_blocked, id=13860, stack(0x0000005ef8400000,0x0000005ef8500000)]
  0x000001b8f4529000 JavaThread "SwingWorker-pool-1-thread-2" daemon [_thread_blocked, id=15632, stack(0x0000005ef8300000,0x0000005ef8400000)]
  0x000001b8f4528000 JavaThread "SwingWorker-pool-1-thread-3" daemon [_thread_blocked, id=14412, stack(0x0000005ef8600000,0x0000005ef8700000)]
  0x000001b8f4526800 JavaThread "Thread-13" daemon [_thread_blocked, id=220, stack(0x0000005ef8f00000,0x0000005ef9000000)]
  0x000001b8f1fa7000 JavaThread "SwingWorker-pool-1-thread-4" daemon [_thread_blocked, id=2072, stack(0x0000005ef9f00000,0x0000005efa000000)]
  0x000001b8f53b6800 JavaThread "Java Sound Event Dispatcher" daemon [_thread_blocked, id=792, stack(0x0000005efa300000,0x0000005efa400000)]
  0x000001b8f53b7800 JavaThread "Direct Clip" daemon [_thread_blocked, id=3940, stack(0x0000005efa600000,0x0000005efa700000)]
  0x000001b8f1fa7800 JavaThread "Thread-15" daemon [_thread_in_native, id=16340, stack(0x0000005ef7d00000,0x0000005ef7e00000)]
  0x000001b8f4527800 JavaThread "SwingWorker-pool-1-thread-5" daemon [_thread_blocked, id=14400, stack(0x0000005ef8e00000,0x0000005ef8f00000)]
  0x000001b8f4f93800 JavaThread "Thread-16" daemon [_thread_blocked, id=9008, stack(0x0000005efa200000,0x0000005efa300000)]
  0x000001b8f450d800 JavaThread "Direct Clip" daemon [_thread_blocked, id=15192, stack(0x0000005efa800000,0x0000005efa900000)]

Other Threads:
  0x000001b8f1579000 VMThread "VM Thread" [stack: 0x0000005ef6200000,0x0000005ef6300000] [id=9680]
  0x000001b8f1fed800 WatcherThread [stack: 0x0000005ef6b00000,0x0000005ef6c00000] [id=12008]
  0x000001b8d28de000 GCTaskThread "GC Thread#0" [stack: 0x0000005ef5d00000,0x0000005ef5e00000] [id=14288]
  0x000001b8f2ac7000 GCTaskThread "GC Thread#1" [stack: 0x0000005ef7300000,0x0000005ef7400000] [id=13136]
  0x000001b8f2780000 GCTaskThread "GC Thread#2" [stack: 0x0000005ef7400000,0x0000005ef7500000] [id=14596]
  0x000001b8f28ac800 GCTaskThread "GC Thread#3" [stack: 0x0000005ef7500000,0x0000005ef7600000] [id=9024]
  0x000001b8f28ad000 GCTaskThread "GC Thread#4" [stack: 0x0000005ef7600000,0x0000005ef7700000] [id=3124]
  0x000001b8f28de000 GCTaskThread "GC Thread#5" [stack: 0x0000005ef7700000,0x0000005ef7800000] [id=5708]
  0x000001b8f47c9800 GCTaskThread "GC Thread#6" [stack: 0x0000005ef8200000,0x0000005ef8300000] [id=8604]
  0x000001b8f514d800 GCTaskThread "GC Thread#7" [stack: 0x0000005ef8500000,0x0000005ef8600000] [id=15392]
  0x000001b8d28ef000 ConcurrentGCThread "G1 Main Marker" [stack: 0x0000005ef5e00000,0x0000005ef5f00000] [id=1212]
  0x000001b8d28f4000 ConcurrentGCThread "G1 Conc#0" [stack: 0x0000005ef5f00000,0x0000005ef6000000] [id=15472]
  0x000001b8f45ee000 ConcurrentGCThread "G1 Conc#1" [stack: 0x0000005ef7b00000,0x0000005ef7c00000] [id=12324]
  0x000001b8d296e800 ConcurrentGCThread "G1 Refine#0" [stack: 0x0000005ef6000000,0x0000005ef6100000] [id=3320]
  0x000001b8f13f9000 ConcurrentGCThread "G1 Young RemSet Sampling" [stack: 0x0000005ef6100000,0x0000005ef6200000] [id=14416]

Threads with active compile tasks:
C1 CompilerThread0  3518 %     3       ccc.interaction.internalFeatures.cameraFrame::captureVideo @ 118 (154 bytes)

VM state:not at safepoint (normal execution)

VM Mutex/Monitor currently owned by a thread:  ([mutex/lock_event])
[0x000001b8d28a0170] CodeCache_lock - owner thread: 0x000001b8f15b3000
[0x000001b8d28a2920] Compile_lock - owner thread: 0x000001b8f15b3000
[0x000001b8d28a1180] MethodCompileQueue_lock - owner thread: 0x000001b8f15b3000

Heap address: 0x0000000081200000, size: 2030 MB, Compressed Oops mode: 32-bit
Narrow klass base: 0x0000000800000000, Narrow klass shift: 3
Compressed class space size: 1073741824 Address: 0x0000000801190000

Heap:
 garbage-first heap   total 168960K, used 62099K [0x0000000081200000, 0x0000000100000000)
  region size 1024K, 4 young (4096K), 2 survivors (2048K)
 Metaspace       used 21064K, capacity 21519K, committed 21760K, reserved 1069056K
  class space    used 2278K, capacity 2463K, committed 2560K, reserved 1048576K
Heap Regions: E=young(eden), S=young(survivor), O=old, HS=humongous(starts), HC=humongous(continues), CS=collection set, F=free, A=archive, TAMS=top-at-mark-start (previous, next)
|   0|0x0000000081200000, 0x0000000081300000, 0x0000000081300000|100%|HS|  |TAMS 0x0000000081300000, 0x0000000081200000| Complete 
|   1|0x0000000081300000, 0x0000000081400000, 0x0000000081400000|100%|HS|  |TAMS 0x0000000081300000, 0x0000000081300000| Complete 
|   2|0x0000000081400000, 0x0000000081500000, 0x0000000081500000|100%|HS|  |TAMS 0x0000000081500000, 0x0000000081400000| Complete 
|   3|0x0000000081500000, 0x0000000081600000, 0x0000000081600000|100%| O|  |TAMS 0x0000000081600000, 0x0000000081500000| Untracked 
|   4|0x0000000081600000, 0x0000000081700000, 0x0000000081700000|100%| O|  |TAMS 0x0000000081700000, 0x0000000081600000| Untracked 
|   5|0x0000000081700000, 0x0000000081800000, 0x0000000081800000|100%| O|  |TAMS 0x0000000081800000, 0x0000000081700000| Untracked 
|   6|0x0000000081800000, 0x0000000081900000, 0x0000000081900000|100%|HS|  |TAMS 0x0000000081800000, 0x0000000081800000| Complete 
|   7|0x0000000081900000, 0x0000000081a00000, 0x0000000081a00000|100%|HS|  |TAMS 0x0000000081900000, 0x0000000081900000| Complete 
|   8|0x0000000081a00000, 0x0000000081b00000, 0x0000000081b00000|100%|HS|  |TAMS 0x0000000081a00000, 0x0000000081a00000| Complete 
|   9|0x0000000081b00000, 0x0000000081c00000, 0x0000000081c00000|100%|HS|  |TAMS 0x0000000081c00000, 0x0000000081b00000| Complete 
|  10|0x0000000081c00000, 0x0000000081ca7800, 0x0000000081d00000| 65%| O|  |TAMS 0x0000000081c62200, 0x0000000081c00000| Untracked 
|  11|0x0000000081d00000, 0x0000000081d00000, 0x0000000081e00000|  0%| F|  |TAMS 0x0000000081d00000, 0x0000000081d00000| Untracked 
|  12|0x0000000081e00000, 0x0000000081f00000, 0x0000000081f00000|100%| O|  |TAMS 0x0000000081f00000, 0x0000000081e00000| Untracked 
|  13|0x0000000081f00000, 0x0000000082000000, 0x0000000082000000|100%| O|  |TAMS 0x0000000082000000, 0x0000000081f00000| Untracked 
|  14|0x0000000082000000, 0x0000000082100000, 0x0000000082100000|100%| O|  |TAMS 0x0000000082100000, 0x0000000082000000| Untracked 
|  15|0x0000000082100000, 0x0000000082200000, 0x0000000082200000|100%| O|  |TAMS 0x0000000082200000, 0x0000000082100000| Untracked 
|  16|0x0000000082200000, 0x0000000082300000, 0x0000000082300000|100%| O|  |TAMS 0x0000000082300000, 0x0000000082200000| Untracked 
|  17|0x0000000082300000, 0x0000000082400000, 0x0000000082400000|100%|HS|  |TAMS 0x0000000082400000, 0x0000000082300000| Complete 
|  18|0x0000000082400000, 0x0000000082500000, 0x0000000082500000|100%|HC|  |TAMS 0x0000000082500000, 0x0000000082400000| Complete 
|  19|0x0000000082500000, 0x0000000082600000, 0x0000000082600000|100%|HC|  |TAMS 0x0000000082600000, 0x0000000082500000| Complete 
|  20|0x0000000082600000, 0x0000000082700000, 0x0000000082700000|100%| O|  |TAMS 0x0000000082700000, 0x0000000082600000| Untracked 
|  21|0x0000000082700000, 0x0000000082800000, 0x0000000082800000|100%| O|  |TAMS 0x0000000082800000, 0x0000000082700000| Untracked 
|  22|0x0000000082800000, 0x0000000082800000, 0x0000000082900000|  0%| F|  |TAMS 0x0000000082800000, 0x0000000082800000| Untracked 
|  23|0x0000000082900000, 0x0000000082a00000, 0x0000000082a00000|100%| O|  |TAMS 0x0000000082a00000, 0x0000000082900000| Untracked 
|  24|0x0000000082a00000, 0x0000000082b00000, 0x0000000082b00000|100%| O|  |TAMS 0x0000000082b00000, 0x0000000082a00000| Untracked 
|  25|0x0000000082b00000, 0x0000000082c00000, 0x0000000082c00000|100%|HS|  |TAMS 0x0000000082c00000, 0x0000000082b00000| Complete 
|  26|0x0000000082c00000, 0x0000000082d00000, 0x0000000082d00000|100%|HC|  |TAMS 0x0000000082d00000, 0x0000000082c00000| Complete 
|  27|0x0000000082d00000, 0x0000000082e00000, 0x0000000082e00000|100%|HC|  |TAMS 0x0000000082e00000, 0x0000000082d00000| Complete 
|  28|0x0000000082e00000, 0x0000000082f00000, 0x0000000082f00000|100%|HC|  |TAMS 0x0000000082f00000, 0x0000000082e00000| Complete 
|  29|0x0000000082f00000, 0x0000000083000000, 0x0000000083000000|100%|HC|  |TAMS 0x0000000083000000, 0x0000000082f00000| Complete 
|  30|0x0000000083000000, 0x0000000083100000, 0x0000000083100000|100%|HS|  |TAMS 0x0000000083100000, 0x0000000083000000| Complete 
|  31|0x0000000083100000, 0x0000000083200000, 0x0000000083200000|100%|HC|  |TAMS 0x0000000083200000, 0x0000000083100000| Complete 
|  32|0x0000000083200000, 0x0000000083300000, 0x0000000083300000|100%| O|  |TAMS 0x0000000083300000, 0x0000000083200000| Untracked 
|  33|0x0000000083300000, 0x0000000083400000, 0x0000000083400000|100%| O|  |TAMS 0x0000000083400000, 0x0000000083300000| Untracked 
|  34|0x0000000083400000, 0x0000000083462a00, 0x0000000083500000| 38%| O|  |TAMS 0x0000000083462a00, 0x0000000083400000| Untracked 
|  35|0x0000000083500000, 0x0000000083600000, 0x0000000083600000|100%|HS|  |TAMS 0x0000000083600000, 0x0000000083500000| Complete 
|  36|0x0000000083600000, 0x0000000083600000, 0x0000000083700000|  0%| F|  |TAMS 0x0000000083600000, 0x0000000083600000| Untracked 
|  37|0x0000000083700000, 0x0000000083700000, 0x0000000083800000|  0%| F|  |TAMS 0x0000000083700000, 0x0000000083700000| Untracked 
|  38|0x0000000083800000, 0x0000000083900000, 0x0000000083900000|100%|HS|  |TAMS 0x0000000083900000, 0x0000000083800000| Complete 
|  39|0x0000000083900000, 0x0000000083900000, 0x0000000083a00000|  0%| F|  |TAMS 0x0000000083900000, 0x0000000083900000| Untracked 
|  40|0x0000000083a00000, 0x0000000083a00000, 0x0000000083b00000|  0%| F|  |TAMS 0x0000000083a00000, 0x0000000083a00000| Untracked 
|  41|0x0000000083b00000, 0x0000000083c00000, 0x0000000083c00000|100%|HS|  |TAMS 0x0000000083c00000, 0x0000000083b00000| Complete 
|  42|0x0000000083c00000, 0x0000000083d00000, 0x0000000083d00000|100%|HC|  |TAMS 0x0000000083d00000, 0x0000000083c00000| Complete 
|  43|0x0000000083d00000, 0x0000000083e00000, 0x0000000083e00000|100%|HC|  |TAMS 0x0000000083e00000, 0x0000000083d00000| Complete 
|  44|0x0000000083e00000, 0x0000000083f00000, 0x0000000083f00000|100%|HC|  |TAMS 0x0000000083f00000, 0x0000000083e00000| Complete 
|  45|0x0000000083f00000, 0x0000000084000000, 0x0000000084000000|100%|HC|  |TAMS 0x0000000084000000, 0x0000000083f00000| Complete 
|  46|0x0000000084000000, 0x0000000084100000, 0x0000000084100000|100%|HC|  |TAMS 0x0000000084100000, 0x0000000084000000| Complete 
|  47|0x0000000084100000, 0x0000000084200000, 0x0000000084200000|100%|HC|  |TAMS 0x0000000084200000, 0x0000000084100000| Complete 
|  48|0x0000000084200000, 0x0000000084300000, 0x0000000084300000|100%|HC|  |TAMS 0x0000000084300000, 0x0000000084200000| Complete 
|  49|0x0000000084300000, 0x0000000084400000, 0x0000000084400000|100%|HC|  |TAMS 0x0000000084400000, 0x0000000084300000| Complete 
|  50|0x0000000084400000, 0x0000000084500000, 0x0000000084500000|100%|HC|  |TAMS 0x0000000084500000, 0x0000000084400000| Complete 
|  51|0x0000000084500000, 0x0000000084600000, 0x0000000084600000|100%|HC|  |TAMS 0x0000000084600000, 0x0000000084500000| Complete 
|  52|0x0000000084600000, 0x0000000084700000, 0x0000000084700000|100%|HC|  |TAMS 0x0000000084700000, 0x0000000084600000| Complete 
|  53|0x0000000084700000, 0x0000000084800000, 0x0000000084800000|100%|HC|  |TAMS 0x0000000084800000, 0x0000000084700000| Complete 
|  54|0x0000000084800000, 0x0000000084900000, 0x0000000084900000|100%|HC|  |TAMS 0x0000000084900000, 0x0000000084800000| Complete 
|  55|0x0000000084900000, 0x0000000084a00000, 0x0000000084a00000|100%|HC|  |TAMS 0x0000000084a00000, 0x0000000084900000| Complete 
|  56|0x0000000084a00000, 0x0000000084b00000, 0x0000000084b00000|100%|HC|  |TAMS 0x0000000084b00000, 0x0000000084a00000| Complete 
|  57|0x0000000084b00000, 0x0000000084c00000, 0x0000000084c00000|100%|HC|  |TAMS 0x0000000084c00000, 0x0000000084b00000| Complete 
|  58|0x0000000084c00000, 0x0000000084d00000, 0x0000000084d00000|100%|HC|  |TAMS 0x0000000084d00000, 0x0000000084c00000| Complete 
|  59|0x0000000084d00000, 0x0000000084e00000, 0x0000000084e00000|100%|HS|  |TAMS 0x0000000084e00000, 0x0000000084d00000| Complete 
|  60|0x0000000084e00000, 0x0000000084e00000, 0x0000000084f00000|  0%| F|  |TAMS 0x0000000084e00000, 0x0000000084e00000| Untracked 
|  61|0x0000000084f00000, 0x0000000084f00000, 0x0000000085000000|  0%| F|  |TAMS 0x0000000084f00000, 0x0000000084f00000| Untracked 
|  62|0x0000000085000000, 0x0000000085100000, 0x0000000085100000|100%|HS|  |TAMS 0x0000000085100000, 0x0000000085000000| Complete 
|  63|0x0000000085100000, 0x0000000085100000, 0x0000000085200000|  0%| F|  |TAMS 0x0000000085100000, 0x0000000085100000| Untracked 
|  64|0x0000000085200000, 0x0000000085200000, 0x0000000085300000|  0%| F|  |TAMS 0x0000000085200000, 0x0000000085200000| Untracked 
|  65|0x0000000085300000, 0x0000000085400000, 0x0000000085400000|100%|HS|  |TAMS 0x0000000085400000, 0x0000000085300000| Complete 
|  66|0x0000000085400000, 0x0000000085400000, 0x0000000085500000|  0%| F|  |TAMS 0x0000000085400000, 0x0000000085400000| Untracked 
|  67|0x0000000085500000, 0x0000000085500000, 0x0000000085600000|  0%| F|  |TAMS 0x0000000085500000, 0x0000000085500000| Untracked 
|  68|0x0000000085600000, 0x0000000085700000, 0x0000000085700000|100%|HS|  |TAMS 0x0000000085700000, 0x0000000085600000| Complete 
|  69|0x0000000085700000, 0x0000000085700000, 0x0000000085800000|  0%| F|  |TAMS 0x0000000085700000, 0x0000000085700000| Untracked 
|  70|0x0000000085800000, 0x0000000085900000, 0x0000000085900000|100%|HS|  |TAMS 0x0000000085900000, 0x0000000085800000| Complete 
|  71|0x0000000085900000, 0x0000000085a00000, 0x0000000085a00000|100%|HS|  |TAMS 0x0000000085a00000, 0x0000000085900000| Complete 
|  72|0x0000000085a00000, 0x0000000085a00000, 0x0000000085b00000|  0%| F|  |TAMS 0x0000000085a00000, 0x0000000085a00000| Untracked 
|  73|0x0000000085b00000, 0x0000000085b00000, 0x0000000085c00000|  0%| F|  |TAMS 0x0000000085b00000, 0x0000000085b00000| Untracked 
|  74|0x0000000085c00000, 0x0000000085c00000, 0x0000000085d00000|  0%| F|  |TAMS 0x0000000085c00000, 0x0000000085c00000| Untracked 
|  75|0x0000000085d00000, 0x0000000085d00000, 0x0000000085e00000|  0%| F|  |TAMS 0x0000000085d00000, 0x0000000085d00000| Untracked 
|  76|0x0000000085e00000, 0x0000000085e00000, 0x0000000085f00000|  0%| F|  |TAMS 0x0000000085e00000, 0x0000000085e00000| Untracked 
|  77|0x0000000085f00000, 0x0000000085f00000, 0x0000000086000000|  0%| F|  |TAMS 0x0000000085f00000, 0x0000000085f00000| Untracked 
|  78|0x0000000086000000, 0x0000000086000000, 0x0000000086100000|  0%| F|  |TAMS 0x0000000086000000, 0x0000000086000000| Untracked 
|  79|0x0000000086100000, 0x0000000086100000, 0x0000000086200000|  0%| F|  |TAMS 0x0000000086100000, 0x0000000086100000| Untracked 
|  80|0x0000000086200000, 0x0000000086200000, 0x0000000086300000|  0%| F|  |TAMS 0x0000000086200000, 0x0000000086200000| Untracked 
|  81|0x0000000086300000, 0x0000000086300000, 0x0000000086400000|  0%| F|  |TAMS 0x0000000086300000, 0x0000000086300000| Untracked 
|  82|0x0000000086400000, 0x0000000086400000, 0x0000000086500000|  0%| F|  |TAMS 0x0000000086400000, 0x0000000086400000| Untracked 
|  83|0x0000000086500000, 0x0000000086500000, 0x0000000086600000|  0%| F|  |TAMS 0x0000000086500000, 0x0000000086500000| Untracked 
|  84|0x0000000086600000, 0x0000000086600000, 0x0000000086700000|  0%| F|  |TAMS 0x0000000086600000, 0x0000000086600000| Untracked 
|  85|0x0000000086700000, 0x0000000086700000, 0x0000000086800000|  0%| F|  |TAMS 0x0000000086700000, 0x0000000086700000| Untracked 
|  86|0x0000000086800000, 0x0000000086800000, 0x0000000086900000|  0%| F|  |TAMS 0x0000000086800000, 0x0000000086800000| Untracked 
|  87|0x0000000086900000, 0x0000000086900000, 0x0000000086a00000|  0%| F|  |TAMS 0x0000000086900000, 0x0000000086900000| Untracked 
|  88|0x0000000086a00000, 0x0000000086a00000, 0x0000000086b00000|  0%| F|  |TAMS 0x0000000086a00000, 0x0000000086a00000| Untracked 
|  89|0x0000000086b00000, 0x0000000086b00000, 0x0000000086c00000|  0%| F|  |TAMS 0x0000000086b00000, 0x0000000086b00000| Untracked 
|  90|0x0000000086c00000, 0x0000000086c00000, 0x0000000086d00000|  0%| F|  |TAMS 0x0000000086c00000, 0x0000000086c00000| Untracked 
|  91|0x0000000086d00000, 0x0000000086d00000, 0x0000000086e00000|  0%| F|  |TAMS 0x0000000086d00000, 0x0000000086d00000| Untracked 
|  92|0x0000000086e00000, 0x0000000086e00000, 0x0000000086f00000|  0%| F|  |TAMS 0x0000000086e00000, 0x0000000086e00000| Untracked 
|  93|0x0000000086f00000, 0x0000000086f00000, 0x0000000087000000|  0%| F|  |TAMS 0x0000000086f00000, 0x0000000086f00000| Untracked 
|  94|0x0000000087000000, 0x0000000087000000, 0x0000000087100000|  0%| F|  |TAMS 0x0000000087000000, 0x0000000087000000| Untracked 
|  95|0x0000000087100000, 0x0000000087100000, 0x0000000087200000|  0%| F|  |TAMS 0x0000000087100000, 0x0000000087100000| Untracked 
|  96|0x0000000087200000, 0x0000000087200000, 0x0000000087300000|  0%| F|  |TAMS 0x0000000087200000, 0x0000000087200000| Untracked 
|  97|0x0000000087300000, 0x0000000087300000, 0x0000000087400000|  0%| F|  |TAMS 0x0000000087300000, 0x0000000087300000| Untracked 
|  98|0x0000000087400000, 0x0000000087400000, 0x0000000087500000|  0%| F|  |TAMS 0x0000000087400000, 0x0000000087400000| Untracked 
|  99|0x0000000087500000, 0x0000000087500000, 0x0000000087600000|  0%| F|  |TAMS 0x0000000087500000, 0x0000000087500000| Untracked 
| 100|0x0000000087600000, 0x0000000087600000, 0x0000000087700000|  0%| F|  |TAMS 0x0000000087600000, 0x0000000087600000| Untracked 
| 101|0x0000000087700000, 0x0000000087700000, 0x0000000087800000|  0%| F|  |TAMS 0x0000000087700000, 0x0000000087700000| Untracked 
| 102|0x0000000087800000, 0x0000000087800000, 0x0000000087900000|  0%| F|  |TAMS 0x0000000087800000, 0x0000000087800000| Untracked 
| 103|0x0000000087900000, 0x0000000087900000, 0x0000000087a00000|  0%| F|  |TAMS 0x0000000087900000, 0x0000000087900000| Untracked 
| 104|0x0000000087a00000, 0x0000000087a00000, 0x0000000087b00000|  0%| F|  |TAMS 0x0000000087a00000, 0x0000000087a00000| Untracked 
| 105|0x0000000087b00000, 0x0000000087b00000, 0x0000000087c00000|  0%| F|  |TAMS 0x0000000087b00000, 0x0000000087b00000| Untracked 
| 106|0x0000000087c00000, 0x0000000087c00000, 0x0000000087d00000|  0%| F|  |TAMS 0x0000000087c00000, 0x0000000087c00000| Untracked 
| 107|0x0000000087d00000, 0x0000000087d00000, 0x0000000087e00000|  0%| F|  |TAMS 0x0000000087d00000, 0x0000000087d00000| Untracked 
| 108|0x0000000087e00000, 0x0000000087e00000, 0x0000000087f00000|  0%| F|  |TAMS 0x0000000087e00000, 0x0000000087e00000| Untracked 
| 109|0x0000000087f00000, 0x0000000087f00000, 0x0000000088000000|  0%| F|  |TAMS 0x0000000087f00000, 0x0000000087f00000| Untracked 
| 110|0x0000000088000000, 0x0000000088000000, 0x0000000088100000|  0%| F|  |TAMS 0x0000000088000000, 0x0000000088000000| Untracked 
| 111|0x0000000088100000, 0x0000000088100000, 0x0000000088200000|  0%| F|  |TAMS 0x0000000088100000, 0x0000000088100000| Untracked 
| 112|0x0000000088200000, 0x0000000088200000, 0x0000000088300000|  0%| F|  |TAMS 0x0000000088200000, 0x0000000088200000| Untracked 
| 113|0x0000000088300000, 0x0000000088300000, 0x0000000088400000|  0%| F|  |TAMS 0x0000000088300000, 0x0000000088300000| Untracked 
| 114|0x0000000088400000, 0x0000000088400000, 0x0000000088500000|  0%| F|  |TAMS 0x0000000088400000, 0x0000000088400000| Untracked 
| 115|0x0000000088500000, 0x0000000088500000, 0x0000000088600000|  0%| F|  |TAMS 0x0000000088500000, 0x0000000088500000| Untracked 
| 116|0x0000000088600000, 0x0000000088600000, 0x0000000088700000|  0%| F|  |TAMS 0x0000000088600000, 0x0000000088600000| Untracked 
| 117|0x0000000088700000, 0x0000000088700000, 0x0000000088800000|  0%| F|  |TAMS 0x0000000088700000, 0x0000000088700000| Untracked 
| 118|0x0000000088800000, 0x0000000088800000, 0x0000000088900000|  0%| F|  |TAMS 0x0000000088800000, 0x0000000088800000| Untracked 
| 119|0x0000000088900000, 0x0000000088900000, 0x0000000088a00000|  0%| F|  |TAMS 0x0000000088900000, 0x0000000088900000| Untracked 
| 120|0x0000000088a00000, 0x0000000088a00000, 0x0000000088b00000|  0%| F|  |TAMS 0x0000000088a00000, 0x0000000088a00000| Untracked 
| 121|0x0000000088b00000, 0x0000000088b00000, 0x0000000088c00000|  0%| F|  |TAMS 0x0000000088b00000, 0x0000000088b00000| Untracked 
| 122|0x0000000088c00000, 0x0000000088c00000, 0x0000000088d00000|  0%| F|  |TAMS 0x0000000088c00000, 0x0000000088c00000| Untracked 
| 123|0x0000000088d00000, 0x0000000088d00000, 0x0000000088e00000|  0%| F|  |TAMS 0x0000000088d00000, 0x0000000088d00000| Untracked 
| 124|0x0000000088e00000, 0x0000000088e00000, 0x0000000088f00000|  0%| F|  |TAMS 0x0000000088e00000, 0x0000000088e00000| Untracked 
| 125|0x0000000088f00000, 0x0000000088f00000, 0x0000000089000000|  0%| F|  |TAMS 0x0000000088f00000, 0x0000000088f00000| Untracked 
| 126|0x0000000089000000, 0x0000000089000000, 0x0000000089100000|  0%| F|  |TAMS 0x0000000089000000, 0x0000000089000000| Untracked 
| 127|0x0000000089100000, 0x0000000089100000, 0x0000000089200000|  0%| F|  |TAMS 0x0000000089100000, 0x0000000089100000| Untracked 
| 128|0x0000000089200000, 0x0000000089200000, 0x0000000089300000|  0%| F|  |TAMS 0x0000000089200000, 0x0000000089200000| Untracked 
| 129|0x0000000089300000, 0x0000000089300000, 0x0000000089400000|  0%| F|  |TAMS 0x0000000089300000, 0x0000000089300000| Untracked 
| 130|0x0000000089400000, 0x0000000089400000, 0x0000000089500000|  0%| F|  |TAMS 0x0000000089400000, 0x0000000089400000| Untracked 
| 131|0x0000000089500000, 0x0000000089500000, 0x0000000089600000|  0%| F|  |TAMS 0x0000000089500000, 0x0000000089500000| Untracked 
| 132|0x0000000089600000, 0x0000000089600000, 0x0000000089700000|  0%| F|  |TAMS 0x0000000089600000, 0x0000000089600000| Untracked 
| 133|0x0000000089700000, 0x0000000089700000, 0x0000000089800000|  0%| F|  |TAMS 0x0000000089700000, 0x0000000089700000| Untracked 
| 134|0x0000000089800000, 0x0000000089800000, 0x0000000089900000|  0%| F|  |TAMS 0x0000000089800000, 0x0000000089800000| Untracked 
| 135|0x0000000089900000, 0x0000000089900000, 0x0000000089a00000|  0%| F|  |TAMS 0x0000000089900000, 0x0000000089900000| Untracked 
| 136|0x0000000089a00000, 0x0000000089a00000, 0x0000000089b00000|  0%| F|  |TAMS 0x0000000089a00000, 0x0000000089a00000| Untracked 
| 137|0x0000000089b00000, 0x0000000089b00000, 0x0000000089c00000|  0%| F|  |TAMS 0x0000000089b00000, 0x0000000089b00000| Untracked 
| 138|0x0000000089c00000, 0x0000000089c00000, 0x0000000089d00000|  0%| F|  |TAMS 0x0000000089c00000, 0x0000000089c00000| Untracked 
| 139|0x0000000089d00000, 0x0000000089d00000, 0x0000000089e00000|  0%| F|  |TAMS 0x0000000089d00000, 0x0000000089d00000| Untracked 
| 140|0x0000000089e00000, 0x0000000089e00000, 0x0000000089f00000|  0%| F|  |TAMS 0x0000000089e00000, 0x0000000089e00000| Untracked 
| 141|0x0000000089f00000, 0x0000000089f00000, 0x000000008a000000|  0%| F|  |TAMS 0x0000000089f00000, 0x0000000089f00000| Untracked 
| 142|0x000000008a000000, 0x000000008a000000, 0x000000008a100000|  0%| F|  |TAMS 0x000000008a000000, 0x000000008a000000| Untracked 
| 143|0x000000008a100000, 0x000000008a100000, 0x000000008a200000|  0%| F|  |TAMS 0x000000008a100000, 0x000000008a100000| Untracked 
| 144|0x000000008a200000, 0x000000008a200000, 0x000000008a300000|  0%| F|  |TAMS 0x000000008a200000, 0x000000008a200000| Untracked 
| 145|0x000000008a300000, 0x000000008a300000, 0x000000008a400000|  0%| F|  |TAMS 0x000000008a300000, 0x000000008a300000| Untracked 
| 146|0x000000008a400000, 0x000000008a400000, 0x000000008a500000|  0%| F|  |TAMS 0x000000008a400000, 0x000000008a400000| Untracked 
| 147|0x000000008a500000, 0x000000008a500000, 0x000000008a600000|  0%| F|  |TAMS 0x000000008a500000, 0x000000008a500000| Untracked 
| 148|0x000000008a600000, 0x000000008a600000, 0x000000008a700000|  0%| F|  |TAMS 0x000000008a600000, 0x000000008a600000| Untracked 
| 149|0x000000008a700000, 0x000000008a700000, 0x000000008a800000|  0%| F|  |TAMS 0x000000008a700000, 0x000000008a700000| Untracked 
| 150|0x000000008a800000, 0x000000008a800000, 0x000000008a900000|  0%| F|  |TAMS 0x000000008a800000, 0x000000008a800000| Untracked 
| 151|0x000000008a900000, 0x000000008a900000, 0x000000008aa00000|  0%| F|  |TAMS 0x000000008a900000, 0x000000008a900000| Untracked 
| 152|0x000000008aa00000, 0x000000008aa00000, 0x000000008ab00000|  0%| F|  |TAMS 0x000000008aa00000, 0x000000008aa00000| Untracked 
| 153|0x000000008ab00000, 0x000000008ab00000, 0x000000008ac00000|  0%| F|  |TAMS 0x000000008ab00000, 0x000000008ab00000| Untracked 
| 154|0x000000008ac00000, 0x000000008ac00000, 0x000000008ad00000|  0%| F|  |TAMS 0x000000008ac00000, 0x000000008ac00000| Untracked 
| 155|0x000000008ad00000, 0x000000008ad00000, 0x000000008ae00000|  0%| F|  |TAMS 0x000000008ad00000, 0x000000008ad00000| Untracked 
| 156|0x000000008ae00000, 0x000000008ae00000, 0x000000008af00000|  0%| F|  |TAMS 0x000000008ae00000, 0x000000008ae00000| Untracked 
| 157|0x000000008af00000, 0x000000008af00000, 0x000000008b000000|  0%| F|  |TAMS 0x000000008af00000, 0x000000008af00000| Untracked 
| 158|0x000000008b000000, 0x000000008b000000, 0x000000008b100000|  0%| F|  |TAMS 0x000000008b000000, 0x000000008b000000| Untracked 
| 159|0x000000008b100000, 0x000000008b100000, 0x000000008b200000|  0%| F|  |TAMS 0x000000008b100000, 0x000000008b100000| Untracked 
| 160|0x000000008b200000, 0x000000008b200000, 0x000000008b300000|  0%| F|  |TAMS 0x000000008b200000, 0x000000008b200000| Untracked 
| 161|0x000000008b300000, 0x000000008b39ac98, 0x000000008b400000| 60%| S|CS|TAMS 0x000000008b300000, 0x000000008b300000| Complete 
| 162|0x000000008b400000, 0x000000008b500000, 0x000000008b500000|100%| S|CS|TAMS 0x000000008b400000, 0x000000008b400000| Complete 
| 163|0x000000008b500000, 0x000000008b600000, 0x000000008b600000|100%| E|  |TAMS 0x000000008b500000, 0x000000008b500000| Complete 
| 164|0x000000008b600000, 0x000000008b700000, 0x000000008b700000|100%| E|CS|TAMS 0x000000008b600000, 0x000000008b600000| Complete 

Card table byte_map: [0x000001b8ea3d0000,0x000001b8ea7d0000] _byte_map_base: 0x000001b8e9fc7000

Marking Bits (Prev, Next): (CMBitMap*) 0x000001b8d28dede8, (CMBitMap*) 0x000001b8d28deda8
 Prev Bits: [0x000001b8ecb90000, 0x000001b8eeb48000)
 Next Bits: [0x000001b8eabd0000, 0x000001b8ecb88000)

Polling page: 0x000001b8d0620000

Metaspace:

Usage:
  Non-class:     18.61 MB capacity,    18.35 MB ( 99%) used,   224.53 KB (  1%) free+waste,    45.56 KB ( <1%) overhead. 
      Class:      2.41 MB capacity,     2.22 MB ( 93%) used,   161.76 KB (  7%) free+waste,    22.88 KB ( <1%) overhead. 
       Both:     21.01 MB capacity,    20.57 MB ( 98%) used,   386.29 KB (  2%) free+waste,    68.44 KB ( <1%) overhead. 

Virtual space:
  Non-class space:       20.00 MB reserved,      18.75 MB ( 94%) committed 
      Class space:        1.00 GB reserved,       2.50 MB ( <1%) committed 
             Both:        1.02 GB reserved,      21.25 MB (  2%) committed 

Chunk freelists:
   Non-Class:  2.00 KB
       Class:  128 bytes
        Both:  2.13 KB

CodeHeap 'non-profiled nmethods': size=120000Kb used=1368Kb max_used=1368Kb free=118631Kb
 bounds [0x000001b8e2770000, 0x000001b8e29e0000, 0x000001b8e9ca0000]
CodeHeap 'profiled nmethods': size=120000Kb used=6729Kb max_used=6729Kb free=113270Kb
 bounds [0x000001b8db240000, 0x000001b8db8e0000, 0x000001b8e2770000]
CodeHeap 'non-nmethods': size=5760Kb used=1383Kb max_used=1399Kb free=4376Kb
 bounds [0x000001b8daca0000, 0x000001b8daf10000, 0x000001b8db240000]
 total_blobs=5138 nmethods=3095 adapters=728
 compilation: enabled
              stopped_count=0, restarted_count=0
 full_count=0

Compilation events (10 events):
Event: 28.792 Thread 0x000001b8f15b3000 nmethod 3516 0x000001b8e28c6a10 code [0x000001b8e28c6bc0, 0x000001b8e28c6cf8]
Event: 28.792 Thread 0x000001b8f15b3000 3513       3       java.lang.invoke.MethodType::methodType (9 bytes)
Event: 28.792 Thread 0x000001b8f15b3000 nmethod 3513 0x000001b8db4a6f10 code [0x000001b8db4a70e0, 0x000001b8db4a7270]
Event: 28.792 Thread 0x000001b8f15b3000 3509       3       jdk.internal.org.objectweb.asm.AnnotationVisitor::<init> (47 bytes)
Event: 28.792 Thread 0x000001b8f15b3000 nmethod 3509 0x000001b8db8d8010 code [0x000001b8db8d8200, 0x000001b8db8d8610]
Event: 28.792 Thread 0x000001b8f15b3000 3514       3       java.lang.invoke.ClassSpecializer$Factory$1Var::slotSize (8 bytes)
Event: 28.792 Thread 0x000001b8f15b3000 nmethod 3514 0x000001b8db8d8710 code [0x000001b8db8d88e0, 0x000001b8db8d8b38]
Event: 28.792 Thread 0x000001b8f15b3000 3512       3       java.lang.invoke.LambdaFormEditor$Transform::of (9 bytes)
Event: 28.793 Thread 0x000001b8f15b3000 nmethod 3512 0x000001b8db4ad890 code [0x000001b8db4ada60, 0x000001b8db4adbd0]
Event: 28.793 Thread 0x000001b8f15b3000 3518 %     3       ccc.interaction.internalFeatures.cameraFrame::captureVideo @ 118 (154 bytes)

GC Heap History (10 events):
Event: 26.913 GC heap before
{Heap before GC invocations=114 (full 0):
 garbage-first heap   total 168960K, used 78928K [0x0000000081200000, 0x0000000100000000)
  region size 1024K, 6 young (6144K), 3 survivors (3072K)
 Metaspace       used 20958K, capacity 21426K, committed 21760K, reserved 1069056K
  class space    used 2267K, capacity 2453K, committed 2560K, reserved 1048576K
}
Event: 26.915 GC heap after
{Heap after GC invocations=115 (full 0):
 garbage-first heap   total 168960K, used 57324K [0x0000000081200000, 0x0000000100000000)
  region size 1024K, 3 young (3072K), 3 survivors (3072K)
 Metaspace       used 20958K, capacity 21426K, committed 21760K, reserved 1069056K
  class space    used 2267K, capacity 2453K, committed 2560K, reserved 1048576K
}
Event: 27.268 GC heap before
{Heap before GC invocations=116 (full 0):
 garbage-first heap   total 168960K, used 77804K [0x0000000081200000, 0x0000000100000000)
  region size 1024K, 5 young (5120K), 3 survivors (3072K)
 Metaspace       used 20961K, capacity 21426K, committed 21760K, reserved 1069056K
  class space    used 2267K, capacity 2453K, committed 2560K, reserved 1048576K
}
Event: 27.270 GC heap after
{Heap after GC invocations=117 (full 0):
 garbage-first heap   total 168960K, used 57770K [0x0000000081200000, 0x0000000100000000)
  region size 1024K, 3 young (3072K), 3 survivors (3072K)
 Metaspace       used 20961K, capacity 21426K, committed 21760K, reserved 1069056K
  class space    used 2267K, capacity 2453K, committed 2560K, reserved 1048576K
}
Event: 27.648 GC heap before
{Heap before GC invocations=118 (full 0):
 garbage-first heap   total 168960K, used 78250K [0x0000000081200000, 0x0000000100000000)
  region size 1024K, 5 young (5120K), 3 survivors (3072K)
 Metaspace       used 20963K, capacity 21426K, committed 21760K, reserved 1069056K
  class space    used 2267K, capacity 2453K, committed 2560K, reserved 1048576K
}
Event: 27.650 GC heap after
{Heap after GC invocations=119 (full 0):
 garbage-first heap   total 168960K, used 57351K [0x0000000081200000, 0x0000000100000000)
  region size 1024K, 3 young (3072K), 3 survivors (3072K)
 Metaspace       used 20963K, capacity 21426K, committed 21760K, reserved 1069056K
  class space    used 2267K, capacity 2453K, committed 2560K, reserved 1048576K
}
Event: 28.091 GC heap before
{Heap before GC invocations=120 (full 0):
 garbage-first heap   total 168960K, used 78855K [0x0000000081200000, 0x0000000100000000)
  region size 1024K, 6 young (6144K), 3 survivors (3072K)
 Metaspace       used 20989K, capacity 21426K, committed 21760K, reserved 1069056K
  class space    used 2267K, capacity 2453K, committed 2560K, reserved 1048576K
}
Event: 28.093 GC heap after
{Heap after GC invocations=121 (full 0):
 garbage-first heap   total 168960K, used 57841K [0x0000000081200000, 0x0000000100000000)
  region size 1024K, 3 young (3072K), 3 survivors (3072K)
 Metaspace       used 20989K, capacity 21426K, committed 21760K, reserved 1069056K
  class space    used 2267K, capacity 2453K, committed 2560K, reserved 1048576K
}
Event: 28.675 GC heap before
{Heap before GC invocations=122 (full 0):
 garbage-first heap   total 168960K, used 78321K [0x0000000081200000, 0x0000000100000000)
  region size 1024K, 5 young (5120K), 3 survivors (3072K)
 Metaspace       used 21013K, capacity 21490K, committed 21760K, reserved 1069056K
  class space    used 2268K, capacity 2453K, committed 2560K, reserved 1048576K
}
Event: 28.678 GC heap after
{Heap after GC invocations=123 (full 0):
 garbage-first heap   total 168960K, used 56979K [0x0000000081200000, 0x0000000100000000)
  region size 1024K, 2 young (2048K), 2 survivors (2048K)
 Metaspace       used 21013K, capacity 21490K, committed 21760K, reserved 1069056K
  class space    used 2268K, capacity 2453K, committed 2560K, reserved 1048576K
}

Deoptimization events (10 events):
Event: 5.253 Thread 0x000001b8f4523000 Uncommon trap: reason=unstable_if action=reinterpret pc=0x000001b8e27bc370 method=java.awt.image.AreaAveragingScaleFilter.accumPixels(IIIILjava/awt/image/ColorModel;Ljava/lang/Object;II)V @ 274 c2
Event: 7.285 Thread 0x000001b8f493f000 Uncommon trap: reason=unstable_if action=reinterpret pc=0x000001b8e28892a4 method=java.io.BufferedInputStream.fill()V @ 222 c2
Event: 9.800 Thread 0x000001b8f2748000 Uncommon trap: reason=unstable_if action=reinterpret pc=0x000001b8e288dda0 method=sun.font.FileFontStrike.getCachedGlyphPtrInternal(I)J @ 4 c2
Event: 10.323 Thread 0x000001b8f2748000 Uncommon trap: reason=unstable_if action=reinterpret pc=0x000001b8e288b114 method=sun.font.CompositeGlyphMapper.getCachedGlyphCode(I)I @ 19 c2
Event: 17.169 Thread 0x000001b8f4525800 Uncommon trap: reason=class_check action=maybe_recompile pc=0x000001b8e28aec58 method=java.awt.image.AreaAveragingScaleFilter.accumPixels(IIIILjava/awt/image/ColorModel;Ljava/lang/Object;II)V @ 468 c2
Event: 17.169 Thread 0x000001b8f4525800 Uncommon trap: reason=class_check action=maybe_recompile pc=0x000001b8e28aec58 method=java.awt.image.AreaAveragingScaleFilter.accumPixels(IIIILjava/awt/image/ColorModel;Ljava/lang/Object;II)V @ 468 c2
Event: 17.169 Thread 0x000001b8f4525800 Uncommon trap: reason=class_check action=maybe_recompile pc=0x000001b8e28aec58 method=java.awt.image.AreaAveragingScaleFilter.accumPixels(IIIILjava/awt/image/ColorModel;Ljava/lang/Object;II)V @ 468 c2
Event: 17.169 Thread 0x000001b8f4525800 Uncommon trap: reason=class_check action=maybe_recompile pc=0x000001b8e28aec58 method=java.awt.image.AreaAveragingScaleFilter.accumPixels(IIIILjava/awt/image/ColorModel;Ljava/lang/Object;II)V @ 468 c2
Event: 17.170 Thread 0x000001b8f4525800 Uncommon trap: reason=class_check action=maybe_recompile pc=0x000001b8e28a8d78 method=java.awt.image.AreaAveragingScaleFilter.accumPixels(IIIILjava/awt/image/ColorModel;Ljava/lang/Object;II)V @ 468 c2
Event: 28.795 Thread 0x000001b8f4526800 Uncommon trap: reason=unstable_if action=reinterpret pc=0x000001b8e27f9754 method=java.nio.Buffer.position(I)Ljava/nio/Buffer; @ 45 c2

Classes redefined (0 events):
No events

Internal exceptions (10 events):
Event: 1.685 Thread 0x000001b8f4e61800 Exception <a 'java/lang/NoSuchMethodError'{0x00000000881d8c88}: java.lang.invoke.DirectMethodHandle$Holder.invokeStaticInit(Ljava/lang/Object;Ljava/lang/Object;Ljava/lang/Object;Ljava/lang/Object;)I> (0x00000000881d8c88) thrown at [t:/workspace/open/src/h
Event: 1.691 Thread 0x000001b8f4e61800 Exception <a 'java/lang/IncompatibleClassChangeError'{0x00000000881e2020}: Found class java.lang.Object, but interface was expected> (0x00000000881e2020) thrown at [t:/workspace/open/src/hotspot/share/interpreter/linkResolver.cpp, line 843]
Event: 1.692 Thread 0x000001b8f4e61800 Exception <a 'java/lang/NoSuchMethodError'{0x00000000881e5110}: java.lang.invoke.DirectMethodHandle$Holder.invokeStaticInit(Ljava/lang/Object;Ljava/lang/Object;)V> (0x00000000881e5110) thrown at [t:/workspace/open/src/hotspot/share/interpreter/linkResolve
Event: 1.694 Thread 0x000001b8f4e61800 Exception <a 'java/lang/NoSuchMethodError'{0x00000000881ea920}: java.lang.invoke.DirectMethodHandle$Holder.invokeStaticInit(Ljava/lang/Object;Ljava/lang/Object;)I> (0x00000000881ea920) thrown at [t:/workspace/open/src/hotspot/share/interpreter/linkResolve
Event: 1.706 Thread 0x000001b8f4e61800 Exception <a 'sun/nio/fs/WindowsException'{0x00000000880f78d8}> (0x00000000880f78d8) thrown at [t:/workspace/open/src/hotspot/share/prims/jni.cpp, line 615]
Event: 1.708 Thread 0x000001b8f4e61800 Exception <a 'java/lang/NoSuchMethodError'{0x00000000880fe7f8}: java.lang.invoke.DirectMethodHandle$Holder.invokeSpecialIFC(Ljava/lang/Object;Ljava/lang/Object;I)I> (0x00000000880fe7f8) thrown at [t:/workspace/open/src/hotspot/share/interpreter/linkResolv
Event: 5.251 Thread 0x000001b8f4523000 Implicit null exception at 0x000001b8e27ba191 to 0x000001b8e27ba6a6
Event: 7.127 Thread 0x000001b8f493f000 Exception <a 'sun/nio/fs/WindowsException'{0x0000000085e88bf0}> (0x0000000085e88bf0) thrown at [t:/workspace/open/src/hotspot/share/prims/jni.cpp, line 615]
Event: 10.323 Thread 0x000001b8f2748000 Implicit null exception at 0x000001b8e288b09d to 0x000001b8e288b106
Event: 28.790 Thread 0x000001b8f4526800 Exception <a 'java/lang/NoSuchMethodError'{0x000000008b6385f0}: java.lang.invoke.DirectMethodHandle$Holder.invokeStatic(Ljava/lang/Object;Ljava/lang/Object;Ljava/lang/Object;Ljava/lang/Object;Ljava/lang/Object;Ljava/lang/Object;Ljava/lang/Object;Ljava/lan

Events (10 events):
Event: 28.794 loading class sun/util/PropertyResourceBundleCharset
Event: 28.794 loading class sun/util/PropertyResourceBundleCharset done
Event: 28.794 loading class sun/util/PropertyResourceBundleCharset$PropertiesFileDecoder
Event: 28.794 loading class sun/util/PropertyResourceBundleCharset$PropertiesFileDecoder done
Event: 28.795 Thread 0x000001b8f4526800 Uncommon trap: trap_request=0xffffff4d fr.pc=0x000001b8e27f9754 relative=0x00000000000000b4
Event: 28.795 Thread 0x000001b8f4526800 DEOPT PACKING pc=0x000001b8e27f9754 sp=0x0000005ef8ffe6d0
Event: 28.795 Thread 0x000001b8f4526800 DEOPT UNPACKING pc=0x000001b8dacc9baf sp=0x0000005ef8ffe610 mode 2
Event: 28.796 loading class java/lang/Throwable$WrappedPrintStream
Event: 28.796 loading class java/lang/Throwable$PrintStreamOrWriter
Event: 28.796 loading class java/lang/Throwable$PrintStreamOrWriter done


Dynamic libraries:
0x00007ff6574b0000 - 0x00007ff6574bf000 	C:\Program Files\Java\jdk-12.0.2\bin\javaw.exe
0x00007ffbb3cc0000 - 0x00007ffbb3eb0000 	C:\WINDOWS\SYSTEM32\ntdll.dll
0x00007ffbb34a0000 - 0x00007ffbb3552000 	C:\WINDOWS\System32\KERNEL32.DLL
0x00007ffbb10f0000 - 0x00007ffbb1393000 	C:\WINDOWS\System32\KERNELBASE.dll
0x00007ffbb1bd0000 - 0x00007ffbb1cca000 	C:\WINDOWS\System32\ucrtbase.dll
0x00007ffba2b10000 - 0x00007ffba2b26000 	C:\Program Files\Java\jdk-12.0.2\bin\VCRUNTIME140.dll
0x00007ffbaa840000 - 0x00007ffbaa858000 	C:\Program Files\Java\jdk-12.0.2\bin\jli.dll
0x00007ffbb3840000 - 0x00007ffbb38e3000 	C:\WINDOWS\System32\ADVAPI32.dll
0x00007ffbb3a80000 - 0x00007ffbb3b1e000 	C:\WINDOWS\System32\msvcrt.dll
0x00007ffbb3be0000 - 0x00007ffbb3c77000 	C:\WINDOWS\System32\sechost.dll
0x00007ffbb2e60000 - 0x00007ffbb2f80000 	C:\WINDOWS\System32\RPCRT4.dll
0x00007ffbb2870000 - 0x00007ffbb2a04000 	C:\WINDOWS\System32\USER32.dll
0x00007ffbb0df0000 - 0x00007ffbb0e11000 	C:\WINDOWS\System32\win32u.dll
0x00007ffba2600000 - 0x00007ffba2885000 	C:\WINDOWS\WinSxS\amd64_microsoft.windows.common-controls_6595b64144ccf1df_6.0.18362.657_none_e6c5b579130e3898\COMCTL32.dll
0x00007ffbb2f80000 - 0x00007ffbb2fa6000 	C:\WINDOWS\System32\GDI32.dll
0x00007ffbb0e20000 - 0x00007ffbb0fb4000 	C:\WINDOWS\System32\gdi32full.dll
0x00007ffbb1d70000 - 0x00007ffbb20a6000 	C:\WINDOWS\System32\combase.dll
0x00007ffbb1cd0000 - 0x00007ffbb1d6e000 	C:\WINDOWS\System32\msvcp_win.dll
0x00007ffbb1020000 - 0x00007ffbb10a0000 	C:\WINDOWS\System32\bcryptPrimitives.dll
0x00007ffba57c0000 - 0x00007ffba57ca000 	C:\WINDOWS\SYSTEM32\VERSION.dll
0x00007ffbb3bb0000 - 0x00007ffbb3bde000 	C:\WINDOWS\System32\IMM32.DLL
0x00007ffb9d7f0000 - 0x00007ffb9d89a000 	C:\Program Files\Java\jdk-12.0.2\bin\msvcp140.dll
0x00007ffb63800000 - 0x00007ffb64377000 	C:\Program Files\Java\jdk-12.0.2\bin\server\jvm.dll
0x00007ffbb3ba0000 - 0x00007ffbb3ba8000 	C:\WINDOWS\System32\PSAPI.DLL
0x00007ffb90b70000 - 0x00007ffb90b79000 	C:\WINDOWS\SYSTEM32\WSOCK32.dll
0x00007ffbae4b0000 - 0x00007ffbae4d4000 	C:\WINDOWS\SYSTEM32\WINMM.dll
0x00007ffbb3700000 - 0x00007ffbb376f000 	C:\WINDOWS\System32\WS2_32.dll
0x00007ffbae480000 - 0x00007ffbae4ad000 	C:\WINDOWS\SYSTEM32\WINMMBASE.dll
0x00007ffbb10a0000 - 0x00007ffbb10ea000 	C:\WINDOWS\System32\cfgmgr32.dll
0x00007ffbb0c30000 - 0x00007ffbb0c41000 	C:\WINDOWS\System32\kernel.appcore.dll
0x00007ffb7ec30000 - 0x00007ffb7ec41000 	C:\Program Files\Java\jdk-12.0.2\bin\verify.dll
0x00007ffba4c60000 - 0x00007ffba4e54000 	C:\WINDOWS\SYSTEM32\DBGHELP.DLL
0x00007ffba4c30000 - 0x00007ffba4c5a000 	C:\WINDOWS\SYSTEM32\dbgcore.DLL
0x00007ffb7ec00000 - 0x00007ffb7ec26000 	C:\Program Files\Java\jdk-12.0.2\bin\java.dll
0x00007ffb7ebe0000 - 0x00007ffb7ebf7000 	C:\Program Files\Java\jdk-12.0.2\bin\zip.dll
0x00007ffbaea30000 - 0x00007ffbaea3a000 	C:\Program Files\Java\jdk-12.0.2\bin\jimage.dll
0x00007ffbb2180000 - 0x00007ffbb2865000 	C:\WINDOWS\System32\SHELL32.dll
0x00007ffbb39d0000 - 0x00007ffbb3a79000 	C:\WINDOWS\System32\shcore.dll
0x00007ffbb1450000 - 0x00007ffbb1bcf000 	C:\WINDOWS\System32\windows.storage.dll
0x00007ffbb0ba0000 - 0x00007ffbb0bbf000 	C:\WINDOWS\System32\profapi.dll
0x00007ffbb0be0000 - 0x00007ffbb0c2a000 	C:\WINDOWS\System32\powrprof.dll
0x00007ffbb0b90000 - 0x00007ffbb0ba0000 	C:\WINDOWS\System32\UMPDC.dll
0x00007ffbb2e00000 - 0x00007ffbb2e52000 	C:\WINDOWS\System32\shlwapi.dll
0x00007ffbb0c50000 - 0x00007ffbb0c67000 	C:\WINDOWS\System32\cryptsp.dll
0x00007ffb7ebc0000 - 0x00007ffb7ebd9000 	C:\Program Files\Java\jdk-12.0.2\bin\net.dll
0x00007ffb9eff0000 - 0x00007ffb9f1c6000 	C:\WINDOWS\SYSTEM32\urlmon.dll
0x00007ffbabd80000 - 0x00007ffbabe70000 	C:\WINDOWS\SYSTEM32\WINHTTP.dll
0x00007ffba44f0000 - 0x00007ffba4796000 	C:\WINDOWS\SYSTEM32\iertutil.dll
0x00007ffbb05d0000 - 0x00007ffbb05dc000 	C:\WINDOWS\SYSTEM32\CRYPTBASE.DLL
0x00007ffbb0400000 - 0x00007ffbb0467000 	C:\WINDOWS\system32\mswsock.dll
0x00007ffb7ea70000 - 0x00007ffb7ea83000 	C:\Program Files\Java\jdk-12.0.2\bin\nio.dll
0x00007ffb708c0000 - 0x00007ffb70a5f000 	C:\Program Files\Java\jdk-12.0.2\bin\awt.dll
0x00007ffbb20b0000 - 0x00007ffbb2174000 	C:\WINDOWS\System32\OLEAUT32.dll
0x00007ffbad800000 - 0x00007ffbaddc0000 	C:\WINDOWS\SYSTEM32\d2d1.dll
0x00007ffbaed10000 - 0x00007ffbaed9f000 	C:\WINDOWS\SYSTEM32\apphelp.dll
0x00007ffbaf310000 - 0x00007ffbaf33d000 	C:\WINDOWS\system32\DWMAPI.DLL
0x00007ffbaeef0000 - 0x00007ffbaef89000 	C:\WINDOWS\system32\uxtheme.dll
0x00007ffba06f0000 - 0x00007ffba0846000 	C:\WINDOWS\system32\opengl32.dll
0x00007ffba06c0000 - 0x00007ffba06ec000 	C:\WINDOWS\SYSTEM32\GLU32.dll
0x00007ffbaf800000 - 0x00007ffbaf820000 	C:\WINDOWS\SYSTEM32\dxcore.dll
0x00007ffbb35c0000 - 0x00007ffbb36f5000 	C:\WINDOWS\System32\MSCTF.dll
0x00007ffbb2a10000 - 0x00007ffbb2b66000 	C:\WINDOWS\System32\ole32.dll
0x00007ffbaff10000 - 0x00007ffbaff43000 	C:\WINDOWS\system32\rsaenh.dll
0x00007ffbb0c70000 - 0x00007ffbb0c96000 	C:\WINDOWS\System32\bcrypt.dll
0x00007ffbb0a80000 - 0x00007ffbb0aa5000 	C:\WINDOWS\SYSTEM32\USERENV.dll
0x00007ffbb0110000 - 0x00007ffbb014a000 	C:\WINDOWS\SYSTEM32\IPHLPAPI.DLL
0x00007ffbb2dd0000 - 0x00007ffbb2dd8000 	C:\WINDOWS\System32\NSI.dll
0x00007ffba5a00000 - 0x00007ffba5a16000 	C:\WINDOWS\SYSTEM32\dhcpcsvc6.DLL
0x00007ffba59e0000 - 0x00007ffba59fc000 	C:\WINDOWS\SYSTEM32\dhcpcsvc.DLL
0x00007ffbb0150000 - 0x00007ffbb021a000 	C:\WINDOWS\SYSTEM32\DNSAPI.dll
0x00007ffb8aab0000 - 0x00007ffb8ab30000 	C:\Program Files\Java\jdk-12.0.2\bin\freetype.dll
0x00007ffb8aa00000 - 0x00007ffb8aaab000 	C:\Program Files\Java\jdk-12.0.2\bin\fontmanager.dll
0x00007ffbb2b70000 - 0x00007ffbb2c12000 	C:\WINDOWS\System32\clbcatq.dll
0x00007ffbabbb0000 - 0x00007ffbabd5f000 	C:\WINDOWS\SYSTEM32\WindowsCodecs.dll
0x00007ffb7e2d0000 - 0x00007ffb7e30a000 	C:\WINDOWS\system32\dataexchange.dll
0x00007ffbaddc0000 - 0x00007ffbae01b000 	C:\WINDOWS\system32\d3d11.dll
0x00007ffbae4e0000 - 0x00007ffbae6bb000 	C:\WINDOWS\system32\dcomp.dll
0x00007ffbaf890000 - 0x00007ffbaf97b000 	C:\WINDOWS\system32\dxgi.dll
0x00007ffbaefc0000 - 0x00007ffbaf21a000 	C:\WINDOWS\system32\twinapi.appcore.dll
0x00007ffbaf4d0000 - 0x00007ffbaf4f9000 	C:\WINDOWS\system32\RMCLIENT.dll
0x00007ffb7cf80000 - 0x00007ffb7d01e000 	C:\WINDOWS\System32\TextInputFramework.dll
0x00007ffbaeb00000 - 0x00007ffbaebd4000 	C:\WINDOWS\System32\CoreMessaging.dll
0x00007ffbabe70000 - 0x00007ffbac19a000 	C:\WINDOWS\System32\CoreUIComponents.dll
0x00007ffbafbf0000 - 0x00007ffbafc21000 	C:\WINDOWS\SYSTEM32\ntmarta.dll
0x00007ffbac5d0000 - 0x00007ffbac723000 	C:\WINDOWS\SYSTEM32\wintypes.dll
0x00007ffb7e310000 - 0x00007ffb7e375000 	C:\WINDOWS\system32\Oleacc.dll
0x00007ffba04f0000 - 0x00007ffba0517000 	C:\Program Files\Java\jdk-12.0.2\bin\sunec.dll
0x0000000060990000 - 0x00000000609b6000 	C:\Program Files\Bonjour\mdnsNSP.dll
0x00007ffbaa0c0000 - 0x00007ffbaa0ca000 	C:\Windows\System32\rasadhlp.dll
0x00007ffba5150000 - 0x00007ffba51c7000 	C:\WINDOWS\System32\fwpuclnt.dll
0x00007ffba0580000 - 0x00007ffba0596000 	C:\WINDOWS\system32\napinsp.dll
0x00007ffba0560000 - 0x00007ffba057a000 	C:\WINDOWS\system32\pnrpnsp.dll
0x00007ffbac210000 - 0x00007ffbac225000 	C:\WINDOWS\system32\wshbth.dll
0x00007ffbad1a0000 - 0x00007ffbad1bc000 	C:\WINDOWS\system32\NLAapi.dll
0x00007ffba09e0000 - 0x00007ffba09ee000 	C:\WINDOWS\System32\winrnr.dll
0x00007ffbaa830000 - 0x00007ffbaa83e000 	C:\Program Files\Java\jdk-12.0.2\bin\sunmscapi.dll
0x00007ffbb0ca0000 - 0x00007ffbb0de9000 	C:\WINDOWS\System32\CRYPT32.dll
0x00007ffbb0bc0000 - 0x00007ffbb0bd2000 	C:\WINDOWS\System32\MSASN1.dll
0x00007ffbb06d0000 - 0x00007ffbb06f6000 	C:\WINDOWS\SYSTEM32\ncrypt.dll
0x00007ffbb0690000 - 0x00007ffbb06cb000 	C:\WINDOWS\SYSTEM32\NTASN1.dll
0x00007ffba2ae0000 - 0x00007ffba2b0d000 	C:\Program Files\Java\jdk-12.0.2\bin\javajpeg.dll
0x00007ffb31010000 - 0x00007ffb34661000 	C:\Users\Pakin H Kajon\Desktop\PlusaiCC\AI6CoreFolder\openCV_Driver\opencv_java410.dll
0x00007ffba21d0000 - 0x00007ffba2252000 	C:\WINDOWS\SYSTEM32\MF.dll
0x00007ffb544a0000 - 0x00007ffb545d9000 	C:\WINDOWS\SYSTEM32\MFReadWrite.dll
0x00007ffbaa4c0000 - 0x00007ffbaa6ba000 	C:\WINDOWS\SYSTEM32\MFPlat.DLL
0x00007ffb9a050000 - 0x00007ffb9a43c000 	C:\WINDOWS\SYSTEM32\MFCORE.DLL
0x00007ffba0550000 - 0x00007ffba0559000 	C:\WINDOWS\SYSTEM32\ksuser.dll
0x00007ffbaa330000 - 0x00007ffbaa35f000 	C:\WINDOWS\SYSTEM32\RTWorkQ.DLL
0x00007ffba9860000 - 0x00007ffba9890000 	C:\WINDOWS\SYSTEM32\CompPkgSup.DLL
0x00007ffba9040000 - 0x00007ffba97a4000 	C:\Windows\System32\Windows.Media.dll
0x00007ffba7a60000 - 0x00007ffba7b3e000 	C:\Windows\System32\Windows.ApplicationModel.dll
0x00007ffb9c470000 - 0x00007ffb9c4c5000 	C:\Windows\System32\FSClient.dll
0x00007ffbaaca0000 - 0x00007ffbaacfc000 	C:\Windows\System32\MFSENSORGROUP.dll
0x00007ffba9890000 - 0x00007ffba9970000 	C:\Windows\System32\AppXDeploymentClient.dll
0x00007ffbafb60000 - 0x00007ffbafbec000 	C:\Windows\System32\FirewallAPI.dll
0x00007ffba97b0000 - 0x00007ffba985f000 	C:\Windows\System32\StateRepository.Core.dll
0x00007ffbafb00000 - 0x00007ffbafb2e000 	C:\Windows\System32\fwbase.dll
0x00007ffbac550000 - 0x00007ffbac55a000 	C:\WINDOWS\SYSTEM32\AVRT.dll
0x00007ffba3550000 - 0x00007ffba355d000 	C:\Windows\System32\vidcap.ax
0x00007ffba2ab0000 - 0x00007ffba2ad6000 	C:\Windows\System32\kswdmcap.ax
0x00007ffb9b770000 - 0x00007ffb9b8d2000 	C:\Windows\System32\MFC42.dll
0x00007ffb816c0000 - 0x00007ffb817f5000 	C:\Windows\System32\Windows.StateRepositoryPS.dll
0x00007ffb7d260000 - 0x00007ffb7d3d2000 	C:\WINDOWS\System32\msvproc.dll
0x00007ffb9c830000 - 0x00007ffb9c842000 	C:\Program Files\Java\jdk-12.0.2\bin\jsound.dll
0x00007ffb96c10000 - 0x00007ffb96ca9000 	C:\WINDOWS\SYSTEM32\DSOUND.dll
0x00007ffbaa0e0000 - 0x00007ffbaa152000 	C:\WINDOWS\System32\MMDevApi.dll
0x00007ffbb0990000 - 0x00007ffbb09ba000 	C:\WINDOWS\System32\DEVOBJ.dll
0x00007ffba0390000 - 0x00007ffba03d4000 	C:\WINDOWS\SYSTEM32\wdmaud.drv

dbghelp: loaded successfully - version: 4.0.5 - missing functions: none
symbol engine: initialized successfully - sym options: 0x614 - pdb path: .;C:\Program Files\Java\jdk-12.0.2\bin;C:\WINDOWS\SYSTEM32;C:\WINDOWS\WinSxS\amd64_microsoft.windows.common-controls_6595b64144ccf1df_6.0.18362.657_none_e6c5b579130e3898;C:\Program Files\Java\jdk-12.0.2\bin\server;C:\Program Files\Bonjour;C:\Users\Pakin H Kajon\Desktop\PlusaiCC\AI6CoreFolder\openCV_Driver;C:\WINDOWS\System32\DriverStore\FileRepository\iigd_dch.inf_amd64_82b8b4520ac0eab7

VM Arguments:
jvm_args: -Dfile.encoding=Cp1252 
java_command: ccc.mainComponent.UI.mainRunner
java_class_path (initial): C:\Users\Pakin H Kajon\Desktop\PlusaiCC\bin;C:\Users\Pakin H Kajon\Desktop\PlusaiCC\plugins\CV\artoolkitplus-2.3.1-1.5.1.jar;C:\Users\Pakin H Kajon\Desktop\PlusaiCC\plugins\CV\ffmpeg-4.1.3-1.5.1.jar;C:\Users\Pakin H Kajon\Desktop\PlusaiCC\plugins\CV\flandmark-1.07-1.5.1.jar;C:\Users\Pakin H Kajon\Desktop\PlusaiCC\plugins\CV\flycapture-2.13.3.31-1.5.1.jar;C:\Users\Pakin H Kajon\Desktop\PlusaiCC\plugins\CV\leptonica-1.78.0-1.5.1.jar;C:\Users\Pakin H Kajon\Desktop\PlusaiCC\plugins\CV\libdc1394-2.2.6-1.5.1.jar;C:\Users\Pakin H Kajon\Desktop\PlusaiCC\plugins\CV\libfreenect-0.5.7-1.5.1.jar;C:\Users\Pakin H Kajon\Desktop\PlusaiCC\plugins\CV\libfreenect2-0.2.0-1.5.1.jar;C:\Users\Pakin H Kajon\Desktop\PlusaiCC\plugins\CV\librealsense-1.12.1-1.5.1.jar;C:\Users\Pakin H Kajon\Desktop\PlusaiCC\plugins\CV\videoinput-0.200-1.5.1.jar;C:\Users\Pakin H Kajon\Desktop\PlusaiCC\plugins\CV\javacpp-1.5.1.jar;C:\Users\Pakin H Kajon\Desktop\PlusaiCC\plugins\CV\openblas-0.3.6-1.5.1.jar;C:\Users\Pakin H Kajon\Desktop\PlusaiCC\plugins\CV\opencv-4.1.0-1.5.1.jar;C:\Users\Pakin H Kajon\Desktop\PlusaiCC\plugins\CV\tesseract-4.1.0-1.5.1.jar;C:\Users\Pakin H Kajon\Desktop\PlusaiCC\plugins\CV\javacv-1.5.1.jar;C:\Users\Pakin H Kajon\Desktop\PlusaiCC\plugins\commons-io-2.6.jar;C:\Users\Pakin H Kajon\Desktop\PlusaiCC\plugins\gson-2.8.2.jar;C:\Users\Pakin H Kajon\Desktop\PlusaiCC\plugins\jnativehook-2.1.0.jar;C:\Users\Pakin H Kajon\Desktop\PlusaiCC\plugins\jProcesses-1.6.4.jar;C:\Users\Pakin H Kajon\Desktop\PlusaiCC\plugins\json-20190722.jar;C:\Users\Pakin H Kajon\Desktop\PlusaiCC\plugins\logback-classic-1.0.13.jar;C:\Users\Pakin H Kajon\Desktop\PlusaiCC\plugins\lombok.jar;C:\Users\Pakin H Kajon\Desktop\PlusaiCC\plugins\org.json-chargebee-1.0.jar;C:\Users\Pakin H Kajon\Desktop\PlusaiCC\plugins\slf4j-api-1.7.29.jar;C:\Users\Pakin H Kajon\Desktop\PlusaiCC\plugins\sphinx4-core-1.0.0.jar;C:\Users\Pakin H Kajon\Desktop\PlusaiCC\plugins\sphinx4-data-1.0.0.jar;C:\Users\Pakin H Kajon
Launcher Type: SUN_STANDARD

[Global flags]
     intx CICompilerCount                          = 4                                         {product} {ergonomic}
     uint ConcGCThreads                            = 2                                         {product} {ergonomic}
     uint G1ConcRefinementThreads                  = 8                                         {product} {ergonomic}
   size_t G1HeapRegionSize                         = 1048576                                   {product} {ergonomic}
    uintx GCDrainStackTargetSize                   = 64                                        {product} {ergonomic}
   size_t InitialHeapSize                          = 134217728                                 {product} {ergonomic}
   size_t MarkStackSize                            = 4194304                                   {product} {ergonomic}
   size_t MaxHeapSize                              = 2128609280                                {product} {ergonomic}
   size_t MaxNewSize                               = 1277165568                                {product} {ergonomic}
   size_t MinHeapDeltaBytes                        = 1048576                                   {product} {ergonomic}
    uintx NonNMethodCodeHeapSize                   = 5836300                                {pd product} {ergonomic}
    uintx NonProfiledCodeHeapSize                  = 122910970                              {pd product} {ergonomic}
    uintx ProfiledCodeHeapSize                     = 122910970                              {pd product} {ergonomic}
    uintx ReservedCodeCacheSize                    = 251658240                              {pd product} {ergonomic}
     bool SegmentedCodeCache                       = true                                      {product} {ergonomic}
     bool UseCompressedClassPointers               = true                                 {lp64_product} {ergonomic}
     bool UseCompressedOops                        = true                                 {lp64_product} {ergonomic}
     bool UseG1GC                                  = true                                      {product} {ergonomic}
     bool UseLargePagesIndividualAllocation        = false                                  {pd product} {ergonomic}

Logging:
Log output configuration:
 #0: stdout all=warning uptime,level,tags
 #1: stderr all=off uptime,level,tags

Environment Variables:
PATH=C:/Program Files/Java/jdk-12.0.2/bin/server;C:/Program Files/Java/jdk-12.0.2/bin;C:\Program Files (x86)\Common Files\Oracle\Java\javapath;C:\WINDOWS\system32;C:\WINDOWS;C:\WINDOWS\System32\Wbem;C:\WINDOWS\System32\WindowsPowerShell\v1.0\;C:\WINDOWS\System32\OpenSSH\;C:\Users\Pakin H Kajon\AppData\Local\Microsoft\WindowsApps;;C:\WINDOWS\system32;
USERNAME=Pakin H Kajon
OS=Windows_NT
PROCESSOR_IDENTIFIER=Intel64 Family 6 Model 142 Stepping 10, GenuineIntel



---------------  S Y S T E M  ---------------

OS: Windows 10 , 64 bit Build 18362 (10.0.18362.329)

CPU:total 8 (initial active 8) (4 cores per cpu, 2 threads per core) family 6 model 142 stepping 10, cmov, cx8, fxsr, mmx, sse, sse2, sse3, ssse3, sse4.1, sse4.2, popcnt, avx, avx2, aes, clmul, erms, 3dnowpref, lzcnt, ht, tsc, tscinvbit, bmi1, bmi2, adx, fma

Memory: 4k page, system-wide physical 8116M (843M free)
TotalPageFile size 11828M (AvailPageFile size 1790M)
current process WorkingSet (physical memory assigned to process): 295M, peak: 302M
current process commit charge ("private bytes"): 370M, peak: 378M

vm_info: Java HotSpot(TM) 64-Bit Server VM (12.0.2+10) for windows-amd64 JRE (12.0.2+10), built on Jul 16 2019 01:56:17 by "mach5one" with MS VC++ 15.5 (VS2017)

END.
